<?xml version="1.0" encoding="UTF-8"?>
<testng-results ignored="0" total="1" passed="1" failed="0" skipped="0">
  <reporter-output>
  </reporter-output>
  <suite started-at="2023-05-15T10:48:08 IST" name="Default suite" finished-at="2023-05-15T10:48:08 IST" duration-ms="130">
    <groups>
    </groups>
    <test started-at="2023-05-15T10:48:08 IST" name="Default test" finished-at="2023-05-15T10:48:08 IST" duration-ms="130">
      <class name="maven.Test1">
        <test-method signature="m1()[pri:0, instance:maven.Test1@72a7c7e0]" started-at="2023-05-15T10:48:08 IST" name="m1" finished-at="2023-05-15T10:48:08 IST" duration-ms="32" status="PASS">
          <reporter-output>
          </reporter-output>
        </test-method> <!-- m1 -->
      </class> <!-- maven.Test1 -->
    </test> <!-- Default test -->
  </suite> <!-- Default suite -->
</testng-results>
